<?xml version="1.0" encoding="UTF-8"?>
<!-- Generated by org.testng.reporters.JUnitXMLReporter -->
<testsuite ignored="0" hostname="DESKTOP-6NU7MHK" failures="1" tests="1" name="Test" time="15.124" errors="0" timestamp="2023-06-18T21:10:50 IST">
  <testcase classname="POM_DDF_TestNg.PBLoginTest" name="verifyFullName" time="0.014">
    <failure type="java.lang.Error" message="Unresolved compilation problem: 
	Type mismatch: cannot convert from void to String
">
      <![CDATA[java.lang.Error: Unresolved compilation problem: 
Type mismatch: cannot convert from void to String

at POM_DDF_TestNg.PBLoginTest.verifyFullName(PBLoginTest.java:68)
at java.base/java.util.ArrayList.forEach(ArrayList.java:1541)
... Removed 27 stack frames]]>
    </failure>
  </testcase> <!-- verifyFullName -->
</testsuite> <!-- Test -->
