<?xml version="1.0" encoding="UTF-8"?>
<testng-results ignored="0" total="1" passed="1" failed="0" skipped="0">
  <reporter-output>
    <line>
      <![CDATA[TC Pass]]>
    </line>
  </reporter-output>
  <suite started-at="2023-06-06T15:15:57 IST" name="Default suite" finished-at="2023-06-06T15:16:24 IST" duration-ms="27426">
    <groups>
    </groups>
    <test started-at="2023-06-06T15:15:57 IST" name="Default test" finished-at="2023-06-06T15:16:24 IST" duration-ms="27426">
      <class name="TestNG_Practice.PBTestClass1_TestNG">
        <test-method signature="test()[pri:0, instance:TestNG_Practice.PBTestClass1_TestNG@15aab8c6]" started-at="2023-06-06T15:15:57 IST" name="test" finished-at="2023-06-06T15:16:24 IST" duration-ms="27386" status="PASS">
          <reporter-output>
            <line>
              <![CDATA[TC Pass]]>
            </line>
          </reporter-output>
        </test-method> <!-- test -->
      </class> <!-- TestNG_Practice.PBTestClass1_TestNG -->
    </test> <!-- Default test -->
  </suite> <!-- Default suite -->
</testng-results>
