<?xml version="1.0" encoding="UTF-8"?>
<!-- Generated by org.testng.reporters.JUnitXMLReporter -->
<testsuite ignored="2" hostname="DESKTOP-6NU7MHK" failures="0" tests="4" name="Test(failed)(failed)(failed)" time="0.064" errors="0" timestamp="2023-06-15T13:42:06 IST">
  <testcase classname="TestNG.sample2" name="TC5" time="0.008"/>
  <testcase classname="TestNG.sample2" name="TC6" time="0.001"/>
  <testcase classname="TestNG.sample1" name="TC1" time="0.002"/>
  <testcase classname="TestNG.sample1" name="TC2" time="0.001"/>
  <testcase classname="TestNG.sample2" name="TC4" time="0.0">
    <ignored/>
  </testcase> <!-- TC4 -->
  <testcase classname="TestNG.sample1" name="TC3" time="0.0">
    <ignored/>
  </testcase> <!-- TC3 -->
</testsuite> <!-- Test(failed)(failed)(failed) -->
